# JRE version: Java(TM) SE Runtime Environment (8.0_181-b13) (build 1.8.0_181-b13)
# Java VM: Java HotSpot(TM) 64-Bit Server VM (25.181-b13 mixed mode bsd-amd64 compressed oops)
Heap:
 PSYoungGen      total 324096K, used 151870K [0x00000007aab00000, 0x00000007c0000000, 0x00000007c0000000)
  eden space 299008K, 45% used [0x00000007aab00000,0x00000007b2f07b00,0x00000007bcf00000)
  from space 25088K, 66% used [0x00000007bcf00000,0x00000007bdf48040,0x00000007be780000)
  to   space 24576K, 0% used [0x00000007be800000,0x00000007be800000,0x00000007c0000000)
 ParOldGen       total 699392K, used 159102K [0x0000000780000000, 0x00000007aab00000, 0x00000007aab00000)
  object space 699392K, 22% used [0x0000000780000000,0x0000000789b5fb80,0x00000007aab00000)
 Metaspace       used 108402K, capacity 109421K, committed 109568K, reserved 1140736K
  class space    used 18654K, capacity 18930K, committed 18944K, reserved 1048576K
GC Heap History (10 events):
Event: 740.596 GC heap before
{Heap before GC invocations=123 (full 4):
 PSYoungGen      total 324608K, used 317839K [0x00000007aab00000, 0x00000007c0000000, 0x00000007c0000000)
  eden space 300032K, 100% used [0x00000007aab00000,0x00000007bd000000,0x00000007bd000000)
  from space 24576K, 72% used [0x00000007be800000,0x00000007bf963ed0,0x00000007c0000000)
  to   space 24576K, 0% used [0x00000007bd000000,0x00000007bd000000,0x00000007be800000)
 ParOldGen       total 699392K, used 158910K [0x0000000780000000, 0x00000007aab00000, 0x00000007aab00000)
  object space 699392K, 22% used [0x0000000780000000,0x0000000789b2fb80,0x00000007aab00000)
 Metaspace       used 108402K, capacity 109421K, committed 109568K, reserved 1140736K
  class space    used 18654K, capacity 18930K, committed 18944K, reserved 1048576K
Event: 740.601 GC heap after
Heap after GC invocations=123 (full 4):
 PSYoungGen      total 324608K, used 18459K [0x00000007aab00000, 0x00000007c0000000, 0x00000007c0000000)
  eden space 300032K, 0% used [0x00000007aab00000,0x00000007aab00000,0x00000007bd000000)
  from space 24576K, 75% used [0x00000007bd000000,0x00000007be206e10,0x00000007be800000)
  to   space 24576K, 0% used [0x00000007be800000,0x00000007be800000,0x00000007c0000000)
 ParOldGen       total 699392K, used 158910K [0x0000000780000000, 0x00000007aab00000, 0x00000007aab00000)
  object space 699392K, 22% used [0x0000000780000000,0x0000000789b2fb80,0x00000007aab00000)
 Metaspace       used 108402K, capacity 109421K, committed 109568K, reserved 1140736K
  class space    used 18654K, capacity 18930K, committed 18944K, reserved 1048576K
}
Event: 744.231 GC heap before
{Heap before GC invocations=124 (full 4):
 PSYoungGen      total 324608K, used 318491K [0x00000007aab00000, 0x00000007c0000000, 0x00000007c0000000)
  eden space 300032K, 100% used [0x00000007aab00000,0x00000007bd000000,0x00000007bd000000)
  from space 24576K, 75% used [0x00000007bd000000,0x00000007be206e10,0x00000007be800000)
  to   space 24576K, 0% used [0x00000007be800000,0x00000007be800000,0x00000007c0000000)
 ParOldGen       total 699392K, used 158910K [0x0000000780000000, 0x00000007aab00000, 0x00000007aab00000)
  object space 699392K, 22% used [0x0000000780000000,0x0000000789b2fb80,0x00000007aab00000)
 Metaspace       used 108402K, capacity 109421K, committed 109568K, reserved 1140736K
  class space    used 18654K, capacity 18930K, committed 18944K, reserved 1048576K
Event: 744.234 GC heap after
Heap after GC invocations=124 (full 4):
 PSYoungGen      total 324608K, used 12128K [0x00000007aab00000, 0x00000007c0000000, 0x00000007c0000000)
  eden space 300032K, 0% used [0x00000007aab00000,0x00000007aab00000,0x00000007bd000000)
  from space 24576K, 49% used [0x00000007be800000,0x00000007bf3d8020,0x00000007c0000000)
  to   space 24576K, 0% used [0x00000007bd000000,0x00000007bd000000,0x00000007be800000)
 ParOldGen       total 699392K, used 158910K [0x0000000780000000, 0x00000007aab00000, 0x00000007aab00000)
  object space 699392K, 22% used [0x0000000780000000,0x0000000789b2fb80,0x00000007aab00000)
 Metaspace       used 108402K, capacity 109421K, committed 109568K, reserved 1140736K
  class space    used 18654K, capacity 18930K, committed 18944K, reserved 1048576K
}
Event: 746.430 GC heap before
{Heap before GC invocations=125 (full 4):
 PSYoungGen      total 324608K, used 312160K [0x00000007aab00000, 0x00000007c0000000, 0x00000007c0000000)
  eden space 300032K, 100% used [0x00000007aab00000,0x00000007bd000000,0x00000007bd000000)
  from space 24576K, 49% used [0x00000007be800000,0x00000007bf3d8020,0x00000007c0000000)
  to   space 24576K, 0% used [0x00000007bd000000,0x00000007bd000000,0x00000007be800000)
 ParOldGen       total 699392K, used 158910K [0x0000000780000000, 0x00000007aab00000, 0x00000007aab00000)
  object space 699392K, 22% used [0x0000000780000000,0x0000000789b2fb80,0x00000007aab00000)
 Metaspace       used 108402K, capacity 109421K, committed 109568K, reserved 1140736K
  class space    used 18654K, capacity 18930K, committed 18944K, reserved 1048576K
Event: 746.435 GC heap after
Heap after GC invocations=125 (full 4):
 PSYoungGen      total 324608K, used 18176K [0x00000007aab00000, 0x00000007c0000000, 0x00000007c0000000)
  eden space 300032K, 0% used [0x00000007aab00000,0x00000007aab00000,0x00000007bd000000)
  from space 24576K, 73% used [0x00000007bd000000,0x00000007be1c0030,0x00000007be800000)
  to   space 24576K, 0% used [0x00000007be800000,0x00000007be800000,0x00000007c0000000)
 ParOldGen       total 699392K, used 159070K [0x0000000780000000, 0x00000007aab00000, 0x00000007aab00000)
  object space 699392K, 22% used [0x0000000780000000,0x0000000789b57b80,0x00000007aab00000)
 Metaspace       used 108402K, capacity 109421K, committed 109568K, reserved 1140736K
  class space    used 18654K, capacity 18930K, committed 18944K, reserved 1048576K
}
Event: 749.132 GC heap before
{Heap before GC invocations=126 (full 4):
 PSYoungGen      total 324608K, used 318208K [0x00000007aab00000, 0x00000007c0000000, 0x00000007c0000000)
  eden space 300032K, 100% used [0x00000007aab00000,0x00000007bd000000,0x00000007bd000000)
  from space 24576K, 73% used [0x00000007bd000000,0x00000007be1c0030,0x00000007be800000)
  to   space 24576K, 0% used [0x00000007be800000,0x00000007be800000,0x00000007c0000000)
 ParOldGen       total 699392K, used 159070K [0x0000000780000000, 0x00000007aab00000, 0x00000007aab00000)
  object space 699392K, 22% used [0x0000000780000000,0x0000000789b57b80,0x00000007aab00000)
 Metaspace       used 108402K, capacity 109421K, committed 109568K, reserved 1140736K
  class space    used 18654K, capacity 18930K, committed 18944K, reserved 1048576K
Event: 749.137 GC heap after
Heap after GC invocations=126 (full 4):
 PSYoungGen      total 323584K, used 20137K [0x00000007aab00000, 0x00000007c0000000, 0x00000007c0000000)
  eden space 299008K, 0% used [0x00000007aab00000,0x00000007aab00000,0x00000007bcf00000)
  from space 24576K, 81% used [0x00000007be800000,0x00000007bfbaa530,0x00000007c0000000)
  to   space 25088K, 0% used [0x00000007bcf00000,0x00000007bcf00000,0x00000007be780000)
 ParOldGen       total 699392K, used 159070K [0x0000000780000000, 0x00000007aab00000, 0x00000007aab00000)
  object space 699392K, 22% used [0x0000000780000000,0x0000000789b57b80,0x00000007aab00000)
 Metaspace       used 108402K, capacity 109421K, committed 109568K, reserved 1140736K
  class space    used 18654K, capacity 18930K, committed 18944K, reserved 1048576K
}
Event: 752.145 GC heap before
{Heap before GC invocations=127 (full 4):
 PSYoungGen      total 323584K, used 319145K [0x00000007aab00000, 0x00000007c0000000, 0x00000007c0000000)
  eden space 299008K, 100% used [0x00000007aab00000,0x00000007bcf00000,0x00000007bcf00000)
  from space 24576K, 81% used [0x00000007be800000,0x00000007bfbaa530,0x00000007c0000000)
  to   space 25088K, 0% used [0x00000007bcf00000,0x00000007bcf00000,0x00000007be780000)
 ParOldGen       total 699392K, used 159070K [0x0000000780000000, 0x00000007aab00000, 0x00000007aab00000)
  object space 699392K, 22% used [0x0000000780000000,0x0000000789b57b80,0x00000007aab00000)
 Metaspace       used 108402K, capacity 109421K, committed 109568K, reserved 1140736K
  class space    used 18654K, capacity 18930K, committed 18944K, reserved 1048576K
Event: 752.149 GC heap after
Heap after GC invocations=127 (full 4):
 PSYoungGen      total 324096K, used 16672K [0x00000007aab00000, 0x00000007c0000000, 0x00000007c0000000)
  eden space 299008K, 0% used [0x00000007aab00000,0x00000007aab00000,0x00000007bcf00000)
  from space 25088K, 66% used [0x00000007bcf00000,0x00000007bdf48040,0x00000007be780000)
  to   space 24576K, 0% used [0x00000007be800000,0x00000007be800000,0x00000007c0000000)
 ParOldGen       total 699392K, used 159102K [0x0000000780000000, 0x00000007aab00000, 0x00000007aab00000)
  object space 699392K, 22% used [0x0000000780000000,0x0000000789b5fb80,0x00000007aab00000)
 Metaspace       used 108402K, capacity 109421K, committed 109568K, reserved 1140736K
  class space    used 18654K, capacity 18930K, committed 18944K, reserved 1048576K
}

